[0.674s] Invoking command in '/home/vboxuser/warehouse_robot_ws/src/warehouse_robot': PYTHONPATH=/home/vboxuser/warehouse_robot_ws/build/warehouse_robot/prefix_override:/usr/lib/python3/dist-packages/colcon_core/task/python/colcon_distutils_commands:/home/vboxuser/warehouse_robot_ws/install/warehouse_robot/lib/python3.10/site-packages:${PYTHONPATH} /usr/bin/python3 -W ignore:setup.py install is deprecated -W ignore:easy_install command is deprecated setup.py egg_info --egg-base ../../build/warehouse_robot build --build-base /home/vboxuser/warehouse_robot_ws/build/warehouse_robot/build install --record /home/vboxuser/warehouse_robot_ws/build/warehouse_robot/install.log --install-scripts $base/lib/warehouse_robot --single-version-externally-managed install_data
[0.922s] running egg_info
[0.924s] writing ../../build/warehouse_robot/warehouse_robot.egg-info/PKG-INFO
[0.924s] writing dependency_links to ../../build/warehouse_robot/warehouse_robot.egg-info/dependency_links.txt
[0.924s] writing entry points to ../../build/warehouse_robot/warehouse_robot.egg-info/entry_points.txt
[0.925s] writing requirements to ../../build/warehouse_robot/warehouse_robot.egg-info/requires.txt
[0.925s] writing top-level names to ../../build/warehouse_robot/warehouse_robot.egg-info/top_level.txt
[0.927s] reading manifest file '../../build/warehouse_robot/warehouse_robot.egg-info/SOURCES.txt'
[0.929s] writing manifest file '../../build/warehouse_robot/warehouse_robot.egg-info/SOURCES.txt'
[0.929s] running build
[0.929s] running build_py
[0.929s] running install
[0.930s] running install_lib
[0.931s] running install_data
[0.931s] running install_egg_info
[0.933s] removing '/home/vboxuser/warehouse_robot_ws/install/warehouse_robot/lib/python3.10/site-packages/warehouse_robot-0.0.0-py3.10.egg-info' (and everything under it)
[0.934s] Copying ../../build/warehouse_robot/warehouse_robot.egg-info to /home/vboxuser/warehouse_robot_ws/install/warehouse_robot/lib/python3.10/site-packages/warehouse_robot-0.0.0-py3.10.egg-info
[0.935s] running install_scripts
[0.957s] Installing robot_controller script to /home/vboxuser/warehouse_robot_ws/install/warehouse_robot/lib/warehouse_robot
[0.959s] writing list of installed files to '/home/vboxuser/warehouse_robot_ws/build/warehouse_robot/install.log'
[0.993s] Invoked command in '/home/vboxuser/warehouse_robot_ws/src/warehouse_robot' returned '0': PYTHONPATH=/home/vboxuser/warehouse_robot_ws/build/warehouse_robot/prefix_override:/usr/lib/python3/dist-packages/colcon_core/task/python/colcon_distutils_commands:/home/vboxuser/warehouse_robot_ws/install/warehouse_robot/lib/python3.10/site-packages:${PYTHONPATH} /usr/bin/python3 -W ignore:setup.py install is deprecated -W ignore:easy_install command is deprecated setup.py egg_info --egg-base ../../build/warehouse_robot build --build-base /home/vboxuser/warehouse_robot_ws/build/warehouse_robot/build install --record /home/vboxuser/warehouse_robot_ws/build/warehouse_robot/install.log --install-scripts $base/lib/warehouse_robot --single-version-externally-managed install_data
