[0.695s] Invoking command in '/home/vboxuser/warehouse_robot_ws/src/warehouse_robot': PYTHONPATH=/home/vboxuser/warehouse_robot_ws/build/warehouse_robot/prefix_override:/usr/lib/python3/dist-packages/colcon_core/task/python/colcon_distutils_commands:/home/vboxuser/warehouse_robot_ws/install/warehouse_robot/lib/python3.10/site-packages:${PYTHONPATH} /usr/bin/python3 -W ignore:setup.py install is deprecated -W ignore:easy_install command is deprecated setup.py egg_info --egg-base ../../build/warehouse_robot build --build-base /home/vboxuser/warehouse_robot_ws/build/warehouse_robot/build install --record /home/vboxuser/warehouse_robot_ws/build/warehouse_robot/install.log --install-scripts $base/lib/warehouse_robot --single-version-externally-managed install_data
[0.939s] running egg_info
[0.939s] creating ../../build/warehouse_robot/warehouse_robot.egg-info
[0.939s] writing ../../build/warehouse_robot/warehouse_robot.egg-info/PKG-INFO
[0.940s] writing dependency_links to ../../build/warehouse_robot/warehouse_robot.egg-info/dependency_links.txt
[0.940s] writing entry points to ../../build/warehouse_robot/warehouse_robot.egg-info/entry_points.txt
[0.940s] writing requirements to ../../build/warehouse_robot/warehouse_robot.egg-info/requires.txt
[0.940s] writing top-level names to ../../build/warehouse_robot/warehouse_robot.egg-info/top_level.txt
[0.940s] writing manifest file '../../build/warehouse_robot/warehouse_robot.egg-info/SOURCES.txt'
[0.945s] reading manifest file '../../build/warehouse_robot/warehouse_robot.egg-info/SOURCES.txt'
[0.945s] writing manifest file '../../build/warehouse_robot/warehouse_robot.egg-info/SOURCES.txt'
[0.945s] running build
[0.945s] running build_py
[0.945s] creating /home/vboxuser/warehouse_robot_ws/build/warehouse_robot/build
[0.945s] creating /home/vboxuser/warehouse_robot_ws/build/warehouse_robot/build/lib
[0.946s] creating /home/vboxuser/warehouse_robot_ws/build/warehouse_robot/build/lib/warehouse_robot
[0.946s] copying warehouse_robot/robot_controller.py -> /home/vboxuser/warehouse_robot_ws/build/warehouse_robot/build/lib/warehouse_robot
[0.946s] copying warehouse_robot/__init__.py -> /home/vboxuser/warehouse_robot_ws/build/warehouse_robot/build/lib/warehouse_robot
[0.946s] running install
[0.946s] running install_lib
[0.946s] creating /home/vboxuser/warehouse_robot_ws/install/warehouse_robot/lib/python3.10/site-packages/warehouse_robot
[0.946s] copying /home/vboxuser/warehouse_robot_ws/build/warehouse_robot/build/lib/warehouse_robot/robot_controller.py -> /home/vboxuser/warehouse_robot_ws/install/warehouse_robot/lib/python3.10/site-packages/warehouse_robot
[0.947s] copying /home/vboxuser/warehouse_robot_ws/build/warehouse_robot/build/lib/warehouse_robot/__init__.py -> /home/vboxuser/warehouse_robot_ws/install/warehouse_robot/lib/python3.10/site-packages/warehouse_robot
[0.947s] byte-compiling /home/vboxuser/warehouse_robot_ws/install/warehouse_robot/lib/python3.10/site-packages/warehouse_robot/robot_controller.py to robot_controller.cpython-310.pyc
[0.948s] byte-compiling /home/vboxuser/warehouse_robot_ws/install/warehouse_robot/lib/python3.10/site-packages/warehouse_robot/__init__.py to __init__.cpython-310.pyc
[0.948s] running install_data
[0.949s] creating /home/vboxuser/warehouse_robot_ws/install/warehouse_robot/share/ament_index
[0.949s] creating /home/vboxuser/warehouse_robot_ws/install/warehouse_robot/share/ament_index/resource_index
[0.949s] creating /home/vboxuser/warehouse_robot_ws/install/warehouse_robot/share/ament_index/resource_index/packages
[0.949s] copying resource/warehouse_robot -> /home/vboxuser/warehouse_robot_ws/install/warehouse_robot/share/ament_index/resource_index/packages
[0.949s] copying package.xml -> /home/vboxuser/warehouse_robot_ws/install/warehouse_robot/share/warehouse_robot
[0.949s] creating /home/vboxuser/warehouse_robot_ws/install/warehouse_robot/share/warehouse_robot/launch
[0.949s] copying launch/warehouse.launch.py -> /home/vboxuser/warehouse_robot_ws/install/warehouse_robot/share/warehouse_robot/launch
[0.949s] copying launch/warehouse_robot.launch.py -> /home/vboxuser/warehouse_robot_ws/install/warehouse_robot/share/warehouse_robot/launch
[0.949s] creating /home/vboxuser/warehouse_robot_ws/install/warehouse_robot/share/warehouse_robot/worlds
[0.949s] copying worlds/warehouse.world -> /home/vboxuser/warehouse_robot_ws/install/warehouse_robot/share/warehouse_robot/worlds
[0.949s] running install_egg_info
[0.951s] Copying ../../build/warehouse_robot/warehouse_robot.egg-info to /home/vboxuser/warehouse_robot_ws/install/warehouse_robot/lib/python3.10/site-packages/warehouse_robot-0.0.0-py3.10.egg-info
[0.952s] running install_scripts
[0.973s] Installing robot_controller script to /home/vboxuser/warehouse_robot_ws/install/warehouse_robot/lib/warehouse_robot
[0.974s] writing list of installed files to '/home/vboxuser/warehouse_robot_ws/build/warehouse_robot/install.log'
[1.006s] Invoked command in '/home/vboxuser/warehouse_robot_ws/src/warehouse_robot' returned '0': PYTHONPATH=/home/vboxuser/warehouse_robot_ws/build/warehouse_robot/prefix_override:/usr/lib/python3/dist-packages/colcon_core/task/python/colcon_distutils_commands:/home/vboxuser/warehouse_robot_ws/install/warehouse_robot/lib/python3.10/site-packages:${PYTHONPATH} /usr/bin/python3 -W ignore:setup.py install is deprecated -W ignore:easy_install command is deprecated setup.py egg_info --egg-base ../../build/warehouse_robot build --build-base /home/vboxuser/warehouse_robot_ws/build/warehouse_robot/build install --record /home/vboxuser/warehouse_robot_ws/build/warehouse_robot/install.log --install-scripts $base/lib/warehouse_robot --single-version-externally-managed install_data
